#
# A fatal error has been detected by the Java Runtime Environment:
#
#  EXCEPTION_ACCESS_VIOLATION (0xc0000005) at pc=0x00007ffbd2efa213, pid=10120, tid=15528
#
# JRE version: OpenJDK Runtime Environment (11.0.15) (build 11.0.15+0-b2043.56-9505619)
# Java VM: OpenJDK 64-Bit Server VM (11.0.15+0-b2043.56-9505619, mixed mode, tiered, compressed oops, g1 gc, windows-amd64)
# Problematic frame:
# V  [jvm.dll+0x39a213]
#
# No core dump will be written. Minidumps are not enabled by default on client versions of Windows
#
# If you would like to submit a bug report, please visit:
#   https://bugreport.java.com/bugreport/crash.jsp
#

---------------  S U M M A R Y ------------

Command Line: --add-opens=java.base/java.util=ALL-UNNAMED --add-opens=java.base/java.lang=ALL-UNNAMED --add-opens=java.base/java.lang.invoke=ALL-UNNAMED --add-opens=java.base/java.util=ALL-UNNAMED --add-opens=java.prefs/java.util.prefs=ALL-UNNAMED --add-opens=java.prefs/java.util.prefs=ALL-UNNAMED --add-opens=java.base/java.nio.charset=ALL-UNNAMED --add-opens=java.base/java.net=ALL-UNNAMED --add-opens=java.base/java.util.concurrent.atomic=ALL-UNNAMED -Xmx2048m -Dfile.encoding=UTF-8 -Duser.country=IN -Duser.language=en -Duser.variant org.gradle.launcher.daemon.bootstrap.GradleDaemon 7.4

Host: Intel(R) Core(TM) i5-9300H CPU @ 2.40GHz, 8 cores, 7G,  Windows 10 , 64 bit Build 19041 (10.0.19041.2546)
Time: Sun Apr  9 12:14:21 2023 India Standard Time elapsed time: 7027.850159 seconds (0d 1h 57m 7s)

---------------  T H R E A D  ---------------

Current thread (0x000001f59fe79000):  JavaThread "build event listener" [_thread_in_vm, id=15528, stack(0x000000709cc00000,0x000000709cd00000)]

Stack: [0x000000709cc00000,0x000000709cd00000],  sp=0x000000709ccf5230,  free space=980k
Native frames: (J=compiled Java code, j=interpreted, Vv=VM code, C=native code)
V  [jvm.dll+0x39a213]
V  [jvm.dll+0x641282]
V  [jvm.dll+0x39af7a]
V  [jvm.dll+0x39b148]
V  [jvm.dll+0x769f98]
V  [jvm.dll+0x76b0a2]
V  [jvm.dll+0x76b74d]
V  [jvm.dll+0x1e3082]
V  [jvm.dll+0x1e5a34]
V  [jvm.dll+0x1da097]
V  [jvm.dll+0x5103fb]
V  [jvm.dll+0x76aade]
V  [jvm.dll+0x40fb38]
